<?xml version="1.0" encoding="UTF-8"?>
<!-- Generated by org.testng.reporters.JUnitReportReporter -->
<testsuite hostname="Madhu_Sudhakar" failures="0" tests="13" name="OpenWeather.ZenoAssigment.MainTestClass" time="146.065" errors="0" timestamp="2024-04-23T23:09:16 IST" skipped="2">
  <testcase classname="OpenWeather.ZenoAssigment.MainTestClass" name="weatherInYourCity" time="10.842"/>
  <testcase classname="OpenWeather.ZenoAssigment.MainTestClass" name="weatherInYourCity" time="11.590"/>
  <testcase classname="OpenWeather.ZenoAssigment.MainTestClass" name="weatherDetails" time="7.909"/>
  <testcase classname="OpenWeather.ZenoAssigment.MainTestClass" name="weatherDetails" time="11.146"/>
  <testcase classname="OpenWeather.ZenoAssigment.MainTestClass" name="guidePage" time="4.919"/>
  <testcase classname="OpenWeather.ZenoAssigment.MainTestClass" name="weatherDetails" time="27.813"/>
  <testcase classname="OpenWeather.ZenoAssigment.MainTestClass" name="weatherDetails" time="7.863"/>
  <testcase classname="OpenWeather.ZenoAssigment.MainTestClass" name="weatherInYourCity" time="23.162"/>
  <testcase classname="OpenWeather.ZenoAssigment.MainTestClass" name="weatherInYourCity" time="14.799"/>
  <testcase classname="OpenWeather.ZenoAssigment.MainTestClass" name="weatherDetails" time="7.129"/>
  <testcase classname="OpenWeather.ZenoAssigment.MainTestClass" name="weatherInYourCity" time="18.893"/>
  <testcase classname="OpenWeather.ZenoAssigment.MainTestClass" name="mapLayer">
    <skipped/>
  </testcase> <!-- mapLayer -->
  <testcase classname="OpenWeather.ZenoAssigment.MainTestClass" name="cityWeather">
    <skipped/>
  </testcase> <!-- cityWeather -->
</testsuite> <!-- OpenWeather.ZenoAssigment.MainTestClass -->
