<?xml version="1.0" encoding="UTF-8"?>
<!-- Generated by org.testng.reporters.JUnitReportReporter -->
<testsuite hostname="Madhu_Sudhakar" failures="0" tests="13" name="OpenWeather.ZenoAssigment.MainTestClass" time="143.943" errors="0" timestamp="2024-04-23T22:30:12 IST" skipped="2">
  <testcase classname="OpenWeather.ZenoAssigment.MainTestClass" name="weatherDetails" time="7.742"/>
  <testcase classname="OpenWeather.ZenoAssigment.MainTestClass" name="weatherDetails" time="9.842"/>
  <testcase classname="OpenWeather.ZenoAssigment.MainTestClass" name="weatherInYourCity" time="23.594"/>
  <testcase classname="OpenWeather.ZenoAssigment.MainTestClass" name="weatherDetails" time="7.914"/>
  <testcase classname="OpenWeather.ZenoAssigment.MainTestClass" name="weatherInYourCity" time="17.304"/>
  <testcase classname="OpenWeather.ZenoAssigment.MainTestClass" name="weatherInYourCity" time="12.658"/>
  <testcase classname="OpenWeather.ZenoAssigment.MainTestClass" name="weatherDetails" time="27.127"/>
  <testcase classname="OpenWeather.ZenoAssigment.MainTestClass" name="weatherInYourCity" time="12.451"/>
  <testcase classname="OpenWeather.ZenoAssigment.MainTestClass" name="guidePage" time="5.130"/>
  <testcase classname="OpenWeather.ZenoAssigment.MainTestClass" name="weatherDetails" time="8.079"/>
  <testcase classname="OpenWeather.ZenoAssigment.MainTestClass" name="weatherInYourCity" time="12.102"/>
  <testcase classname="OpenWeather.ZenoAssigment.MainTestClass" name="cityWeather">
    <skipped/>
  </testcase> <!-- cityWeather -->
  <testcase classname="OpenWeather.ZenoAssigment.MainTestClass" name="mapLayer">
    <skipped/>
  </testcase> <!-- mapLayer -->
</testsuite> <!-- OpenWeather.ZenoAssigment.MainTestClass -->
